{"C:\\Users\\monokid7\\Documents\\projects\\systems\\kongamano\\app\\composables\\useApi.ts": {"path":"C:\\Users\\monokid7\\Documents\\projects\\systems\\kongamano\\app\\composables\\useApi.ts","statementMap":{"0":{"start":{"line":3,"column":13},"end":{"line":14,"column":null}},"1":{"start":{"line":4,"column":16},"end":{"line":4,"column":null}},"2":{"start":{"line":6,"column":2},"end":{"line":13,"column":null}}},"fnMap":{"0":{"name":"(anonymous_0)","decl":{"start":{"line":3,"column":13},"end":{"line":3,"column":32}},"loc":{"start":{"line":3,"column":79},"end":{"line":14,"column":null}},"line":3}},"branchMap":{"0":{"loc":{"start":{"line":3,"column":45},"end":{"line":3,"column":79}},"type":"default-arg","locations":[{"start":{"line":3,"column":72},"end":{"line":3,"column":79}}],"line":3},"1":{"loc":{"start":{"line":10,"column":10},"end":{"line":10,"column":null}},"type":"cond-expr","locations":[{"start":{"line":10,"column":24},"end":{"line":10,"column":69}},{"start":{"line":10,"column":69},"end":{"line":10,"column":null}}],"line":10}},"s":{"0":0,"1":0,"2":0},"f":{"0":0},"b":{"0":[0],"1":[0,0]},"meta":{"lastBranch":2,"lastFunction":1,"lastStatement":3,"seen":{"s:3:13:14:Infinity":0,"f:3:13:3:32":0,"b:3:72:3:79":0,"s:4:16:4:Infinity":1,"s:6:2:13:Infinity":2,"b:10:24:10:69:10:69:10:Infinity":1},"fnNames":{}}}
,"C:\\Users\\monokid7\\Documents\\projects\\systems\\kongamano\\app\\composables\\useAuth.ts": {"path":"C:\\Users\\monokid7\\Documents\\projects\\systems\\kongamano\\app\\composables\\useAuth.ts","statementMap":{"0":{"start":{"line":3,"column":13},"end":{"line":21,"column":null}},"1":{"start":{"line":4,"column":15},"end":{"line":4,"column":null}},"2":{"start":{"line":4,"column":56},"end":{"line":4,"column":60}},"3":{"start":{"line":5,"column":16},"end":{"line":5,"column":null}},"4":{"start":{"line":5,"column":67},"end":{"line":5,"column":72}},"5":{"start":{"line":7,"column":21},"end":{"line":7,"column":null}},"6":{"start":{"line":7,"column":36},"end":{"line":7,"column":49}},"7":{"start":{"line":9,"column":8},"end":{"line":13,"column":null}},"8":{"start":{"line":10,"column":4},"end":{"line":10,"column":null}},"9":{"start":{"line":11,"column":4},"end":{"line":11,"column":null}},"10":{"start":{"line":12,"column":4},"end":{"line":12,"column":null}},"11":{"start":{"line":15,"column":2},"end":{"line":20,"column":null}}},"fnMap":{"0":{"name":"(anonymous_0)","decl":{"start":{"line":3,"column":13},"end":{"line":3,"column":29}},"loc":{"start":{"line":3,"column":29},"end":{"line":21,"column":null}},"line":3},"1":{"name":"(anonymous_1)","decl":{"start":{"line":4,"column":37},"end":{"line":4,"column":56}},"loc":{"start":{"line":4,"column":56},"end":{"line":4,"column":60}},"line":4},"2":{"name":"(anonymous_2)","decl":{"start":{"line":5,"column":52},"end":{"line":5,"column":67}},"loc":{"start":{"line":5,"column":67},"end":{"line":5,"column":72}},"line":5},"3":{"name":"(anonymous_3)","decl":{"start":{"line":7,"column":21},"end":{"line":7,"column":36}},"loc":{"start":{"line":7,"column":36},"end":{"line":7,"column":49}},"line":7},"4":{"name":"(anonymous_4)","decl":{"start":{"line":9,"column":8},"end":{"line":9,"column":23}},"loc":{"start":{"line":9,"column":23},"end":{"line":13,"column":null}},"line":9}},"branchMap":{},"s":{"0":0,"1":0,"2":0,"3":0,"4":0,"5":0,"6":0,"7":0,"8":0,"9":0,"10":0,"11":0},"f":{"0":0,"1":0,"2":0,"3":0,"4":0},"b":{},"meta":{"lastBranch":0,"lastFunction":5,"lastStatement":12,"seen":{"s:3:13:21:Infinity":0,"f:3:13:3:29":0,"s:4:15:4:Infinity":1,"f:4:37:4:56":1,"s:4:56:4:60":2,"s:5:16:5:Infinity":3,"f:5:52:5:67":2,"s:5:67:5:72":4,"s:7:21:7:Infinity":5,"f:7:21:7:36":3,"s:7:36:7:49":6,"s:9:8:13:Infinity":7,"f:9:8:9:23":4,"s:10:4:10:Infinity":8,"s:11:4:11:Infinity":9,"s:12:4:12:Infinity":10,"s:15:2:20:Infinity":11},"fnNames":{}}}
,"C:\\Users\\monokid7\\Documents\\projects\\systems\\kongamano\\app\\composables\\useCrudApi.ts": {"path":"C:\\Users\\monokid7\\Documents\\projects\\systems\\kongamano\\app\\composables\\useCrudApi.ts","statementMap":{"0":{"start":{"line":9,"column":15},"end":{"line":9,"column":null}},"1":{"start":{"line":10,"column":16},"end":{"line":10,"column":null}},"2":{"start":{"line":12,"column":29},"end":{"line":12,"column":null}},"3":{"start":{"line":14,"column":16},"end":{"line":14,"column":null}},"4":{"start":{"line":15,"column":18},"end":{"line":15,"column":null}},"5":{"start":{"line":16,"column":17},"end":{"line":16,"column":null}},"6":{"start":{"line":17,"column":22},"end":{"line":17,"column":null}},"7":{"start":{"line":18,"column":22},"end":{"line":18,"column":null}},"8":{"start":{"line":19,"column":18},"end":{"line":19,"column":null}},"9":{"start":{"line":22,"column":4},"end":{"line":25,"column":null}},"10":{"start":{"line":30,"column":4},"end":{"line":30,"column":null}},"11":{"start":{"line":31,"column":4},"end":{"line":55,"column":null}},"12":{"start":{"line":32,"column":18},"end":{"line":35,"column":null}},"13":{"start":{"line":37,"column":25},"end":{"line":37,"column":null}},"14":{"start":{"line":38,"column":6},"end":{"line":44,"column":null}},"15":{"start":{"line":39,"column":8},"end":{"line":39,"column":null}},"16":{"start":{"line":40,"column":13},"end":{"line":44,"column":null}},"17":{"start":{"line":41,"column":8},"end":{"line":41,"column":null}},"18":{"start":{"line":42,"column":13},"end":{"line":44,"column":null}},"19":{"start":{"line":43,"column":8},"end":{"line":43,"column":null}},"20":{"start":{"line":46,"column":6},"end":{"line":46,"column":null}},"21":{"start":{"line":48,"column":6},"end":{"line":48,"column":null}},"22":{"start":{"line":50,"column":6},"end":{"line":52,"column":null}},"23":{"start":{"line":51,"column":8},"end":{"line":51,"column":null}},"24":{"start":{"line":54,"column":6},"end":{"line":54,"column":null}},"25":{"start":{"line":60,"column":4},"end":{"line":60,"column":null}},"26":{"start":{"line":61,"column":4},"end":{"line":84,"column":null}},"27":{"start":{"line":62,"column":21},"end":{"line":62,"column":null}},"28":{"start":{"line":63,"column":20},"end":{"line":63,"column":null}},"29":{"start":{"line":65,"column":18},"end":{"line":70,"column":null}},"30":{"start":{"line":72,"column":6},"end":{"line":74,"column":null}},"31":{"start":{"line":73,"column":8},"end":{"line":73,"column":null}},"32":{"start":{"line":76,"column":6},"end":{"line":76,"column":null}},"33":{"start":{"line":77,"column":6},"end":{"line":77,"column":null}},"34":{"start":{"line":78,"column":6},"end":{"line":78,"column":null}},"35":{"start":{"line":80,"column":6},"end":{"line":80,"column":null}},"36":{"start":{"line":81,"column":6},"end":{"line":81,"column":null}},"37":{"start":{"line":83,"column":6},"end":{"line":83,"column":null}},"38":{"start":{"line":89,"column":4},"end":{"line":89,"column":null}},"39":{"start":{"line":90,"column":4},"end":{"line":120,"column":null}},"40":{"start":{"line":91,"column":21},"end":{"line":91,"column":null}},"41":{"start":{"line":92,"column":20},"end":{"line":92,"column":null}},"42":{"start":{"line":95,"column":23},"end":{"line":95,"column":null}},"43":{"start":{"line":95,"column":52},"end":{"line":95,"column":79}},"44":{"start":{"line":96,"column":31},"end":{"line":99,"column":null}},"45":{"start":{"line":101,"column":18},"end":{"line":106,"column":null}},"46":{"start":{"line":108,"column":6},"end":{"line":110,"column":null}},"47":{"start":{"line":109,"column":8},"end":{"line":109,"column":null}},"48":{"start":{"line":112,"column":6},"end":{"line":112,"column":null}},"49":{"start":{"line":113,"column":6},"end":{"line":113,"column":null}},"50":{"start":{"line":114,"column":6},"end":{"line":114,"column":null}},"51":{"start":{"line":116,"column":6},"end":{"line":116,"column":null}},"52":{"start":{"line":117,"column":6},"end":{"line":117,"column":null}},"53":{"start":{"line":119,"column":6},"end":{"line":119,"column":null}},"54":{"start":{"line":125,"column":4},"end":{"line":125,"column":null}},"55":{"start":{"line":126,"column":4},"end":{"line":152,"column":null}},"56":{"start":{"line":127,"column":21},"end":{"line":127,"column":null}},"57":{"start":{"line":128,"column":20},"end":{"line":128,"column":null}},"58":{"start":{"line":131,"column":23},"end":{"line":131,"column":null}},"59":{"start":{"line":131,"column":52},"end":{"line":131,"column":79}},"60":{"start":{"line":133,"column":18},"end":{"line":138,"column":null}},"61":{"start":{"line":140,"column":6},"end":{"line":142,"column":null}},"62":{"start":{"line":141,"column":8},"end":{"line":141,"column":null}},"63":{"start":{"line":144,"column":6},"end":{"line":144,"column":null}},"64":{"start":{"line":145,"column":6},"end":{"line":145,"column":null}},"65":{"start":{"line":146,"column":6},"end":{"line":146,"column":null}},"66":{"start":{"line":148,"column":6},"end":{"line":148,"column":null}},"67":{"start":{"line":149,"column":6},"end":{"line":149,"column":null}},"68":{"start":{"line":151,"column":6},"end":{"line":151,"column":null}},"69":{"start":{"line":156,"column":24},"end":{"line":169,"column":null}},"70":{"start":{"line":157,"column":15},"end":{"line":157,"column":null}},"71":{"start":{"line":158,"column":4},"end":{"line":165,"column":null}},"72":{"start":{"line":159,"column":16},"end":{"line":159,"column":null}},"73":{"start":{"line":160,"column":6},"end":{"line":164,"column":null}},"74":{"start":{"line":161,"column":8},"end":{"line":163,"column":null}},"75":{"start":{"line":162,"column":19},"end":{"line":162,"column":null}},"76":{"start":{"line":167,"column":4},"end":{"line":167,"column":null}},"77":{"start":{"line":167,"column":24},"end":{"line":167,"column":51}},"78":{"start":{"line":168,"column":4},"end":{"line":168,"column":null}},"79":{"start":{"line":171,"column":21},"end":{"line":171,"column":null}},"80":{"start":{"line":171,"column":36},"end":{"line":171,"column":94}},"81":{"start":{"line":172,"column":21},"end":{"line":172,"column":null}},"82":{"start":{"line":172,"column":21},"end":{"line":172,"column":75}},"83":{"start":{"line":173,"column":19},"end":{"line":173,"column":null}},"84":{"start":{"line":173,"column":34},"end":{"line":173,"column":66}},"85":{"start":{"line":174,"column":25},"end":{"line":174,"column":null}},"86":{"start":{"line":174,"column":40},"end":{"line":174,"column":99}},"87":{"start":{"line":176,"column":2},"end":{"line":178,"column":null}},"88":{"start":{"line":177,"column":4},"end":{"line":177,"column":null}},"89":{"start":{"line":180,"column":2},"end":{"line":196,"column":null}}},"fnMap":{"0":{"name":"useCrudApi","decl":{"start":{"line":8,"column":16},"end":{"line":8,"column":62}},"loc":{"start":{"line":8,"column":87},"end":{"line":197,"column":null}},"line":8},"1":{"name":"authHeaders","decl":{"start":{"line":21,"column":11},"end":{"line":21,"column":25}},"loc":{"start":{"line":21,"column":25},"end":{"line":26,"column":null}},"line":21},"2":{"name":"fetchItems","decl":{"start":{"line":29,"column":17},"end":{"line":29,"column":28}},"loc":{"start":{"line":29,"column":58},"end":{"line":56,"column":null}},"line":29},"3":{"name":"createItem","decl":{"start":{"line":59,"column":17},"end":{"line":59,"column":28}},"loc":{"start":{"line":59,"column":101},"end":{"line":85,"column":null}},"line":59},"4":{"name":"updateItem","decl":{"start":{"line":88,"column":17},"end":{"line":88,"column":28}},"loc":{"start":{"line":88,"column":122},"end":{"line":121,"column":null}},"line":88},"5":{"name":"(anonymous_5)","decl":{"start":{"line":95,"column":35},"end":{"line":95,"column":41}},"loc":{"start":{"line":95,"column":52},"end":{"line":95,"column":79}},"line":95},"6":{"name":"deleteItem","decl":{"start":{"line":124,"column":17},"end":{"line":124,"column":28}},"loc":{"start":{"line":124,"column":92},"end":{"line":153,"column":null}},"line":124},"7":{"name":"(anonymous_7)","decl":{"start":{"line":131,"column":35},"end":{"line":131,"column":41}},"loc":{"start":{"line":131,"column":52},"end":{"line":131,"column":79}},"line":131},"8":{"name":"(anonymous_8)","decl":{"start":{"line":156,"column":24},"end":{"line":156,"column":39}},"loc":{"start":{"line":156,"column":39},"end":{"line":169,"column":3}},"line":156},"9":{"name":"(anonymous_9)","decl":{"start":{"line":160,"column":18},"end":{"line":160,"column":26}},"loc":{"start":{"line":161,"column":8},"end":{"line":163,"column":null}},"line":161},"10":{"name":"(anonymous_10)","decl":{"start":{"line":161,"column":28},"end":{"line":161,"column":null}},"loc":{"start":{"line":162,"column":19},"end":{"line":162,"column":null}},"line":162},"11":{"name":"(anonymous_11)","decl":{"start":{"line":167,"column":9},"end":{"line":167,"column":15}},"loc":{"start":{"line":167,"column":24},"end":{"line":167,"column":51}},"line":167},"12":{"name":"(anonymous_12)","decl":{"start":{"line":171,"column":21},"end":{"line":171,"column":36}},"loc":{"start":{"line":171,"column":36},"end":{"line":171,"column":94}},"line":171},"13":{"name":"(anonymous_13)","decl":{"start":{"line":172,"column":21},"end":{"line":172,"column":37}},"loc":{"start":{"line":172,"column":21},"end":{"line":172,"column":75}},"line":172},"14":{"name":"(anonymous_14)","decl":{"start":{"line":173,"column":19},"end":{"line":173,"column":34}},"loc":{"start":{"line":173,"column":34},"end":{"line":173,"column":66}},"line":173},"15":{"name":"(anonymous_15)","decl":{"start":{"line":174,"column":25},"end":{"line":174,"column":40}},"loc":{"start":{"line":174,"column":40},"end":{"line":174,"column":99}},"line":174},"16":{"name":"(anonymous_16)","decl":{"start":{"line":176,"column":29},"end":{"line":176,"column":38}},"loc":{"start":{"line":176,"column":38},"end":{"line":178,"column":3}},"line":176}},"branchMap":{"0":{"loc":{"start":{"line":38,"column":6},"end":{"line":44,"column":null}},"type":"if","locations":[{"start":{"line":38,"column":6},"end":{"line":44,"column":null}},{"start":{"line":40,"column":13},"end":{"line":44,"column":null}}],"line":38},"1":{"loc":{"start":{"line":38,"column":10},"end":{"line":38,"column":74}},"type":"binary-expr","locations":[{"start":{"line":38,"column":10},"end":{"line":38,"column":29}},{"start":{"line":38,"column":29},"end":{"line":38,"column":74}}],"line":38},"2":{"loc":{"start":{"line":40,"column":13},"end":{"line":44,"column":null}},"type":"if","locations":[{"start":{"line":40,"column":13},"end":{"line":44,"column":null}},{"start":{"line":42,"column":13},"end":{"line":44,"column":null}}],"line":40},"3":{"loc":{"start":{"line":42,"column":13},"end":{"line":44,"column":null}},"type":"if","locations":[{"start":{"line":42,"column":13},"end":{"line":44,"column":null}},{"start":{},"end":{}}],"line":42},"4":{"loc":{"start":{"line":50,"column":6},"end":{"line":52,"column":null}},"type":"if","locations":[{"start":{"line":50,"column":6},"end":{"line":52,"column":null}},{"start":{},"end":{}}],"line":50},"5":{"loc":{"start":{"line":50,"column":10},"end":{"line":50,"column":50}},"type":"binary-expr","locations":[{"start":{"line":50,"column":10},"end":{"line":50,"column":32}},{"start":{"line":50,"column":32},"end":{"line":50,"column":50}}],"line":50},"6":{"loc":{"start":{"line":51,"column":46},"end":{"line":51,"column":91}},"type":"binary-expr","locations":[{"start":{"line":51,"column":46},"end":{"line":51,"column":68}},{"start":{"line":51,"column":68},"end":{"line":51,"column":91}}],"line":51},"7":{"loc":{"start":{"line":59,"column":58},"end":{"line":59,"column":101}},"type":"default-arg","locations":[{"start":{"line":59,"column":71},"end":{"line":59,"column":101}}],"line":59},"8":{"loc":{"start":{"line":62,"column":21},"end":{"line":62,"column":null}},"type":"cond-expr","locations":[{"start":{"line":62,"column":40},"end":{"line":62,"column":122}},{"start":{"line":62,"column":122},"end":{"line":62,"column":null}}],"line":62},"9":{"loc":{"start":{"line":62,"column":40},"end":{"line":62,"column":122}},"type":"cond-expr","locations":[{"start":{"line":62,"column":72},"end":{"line":62,"column":103}},{"start":{"line":62,"column":103},"end":{"line":62,"column":122}}],"line":62},"10":{"loc":{"start":{"line":72,"column":6},"end":{"line":74,"column":null}},"type":"if","locations":[{"start":{"line":72,"column":6},"end":{"line":74,"column":null}},{"start":{},"end":{}}],"line":72},"11":{"loc":{"start":{"line":80,"column":44},"end":{"line":80,"column":91}},"type":"binary-expr","locations":[{"start":{"line":80,"column":44},"end":{"line":80,"column":66}},{"start":{"line":80,"column":66},"end":{"line":80,"column":91}}],"line":80},"12":{"loc":{"start":{"line":88,"column":79},"end":{"line":88,"column":122}},"type":"default-arg","locations":[{"start":{"line":88,"column":92},"end":{"line":88,"column":122}}],"line":88},"13":{"loc":{"start":{"line":91,"column":21},"end":{"line":91,"column":null}},"type":"cond-expr","locations":[{"start":{"line":91,"column":40},"end":{"line":91,"column":122}},{"start":{"line":91,"column":122},"end":{"line":91,"column":null}}],"line":91},"14":{"loc":{"start":{"line":91,"column":40},"end":{"line":91,"column":122}},"type":"cond-expr","locations":[{"start":{"line":91,"column":72},"end":{"line":91,"column":103}},{"start":{"line":91,"column":103},"end":{"line":91,"column":122}}],"line":91},"15":{"loc":{"start":{"line":98,"column":12},"end":{"line":98,"column":null}},"type":"cond-expr","locations":[{"start":{"line":98,"column":35},"end":{"line":98,"column":73}},{"start":{"line":98,"column":73},"end":{"line":98,"column":null}}],"line":98},"16":{"loc":{"start":{"line":108,"column":6},"end":{"line":110,"column":null}},"type":"if","locations":[{"start":{"line":108,"column":6},"end":{"line":110,"column":null}},{"start":{},"end":{}}],"line":108},"17":{"loc":{"start":{"line":116,"column":44},"end":{"line":116,"column":91}},"type":"binary-expr","locations":[{"start":{"line":116,"column":44},"end":{"line":116,"column":66}},{"start":{"line":116,"column":66},"end":{"line":116,"column":91}}],"line":116},"18":{"loc":{"start":{"line":124,"column":49},"end":{"line":124,"column":92}},"type":"default-arg","locations":[{"start":{"line":124,"column":62},"end":{"line":124,"column":92}}],"line":124},"19":{"loc":{"start":{"line":127,"column":21},"end":{"line":127,"column":null}},"type":"cond-expr","locations":[{"start":{"line":127,"column":40},"end":{"line":127,"column":122}},{"start":{"line":127,"column":122},"end":{"line":127,"column":null}}],"line":127},"20":{"loc":{"start":{"line":127,"column":40},"end":{"line":127,"column":122}},"type":"cond-expr","locations":[{"start":{"line":127,"column":72},"end":{"line":127,"column":103}},{"start":{"line":127,"column":103},"end":{"line":127,"column":122}}],"line":127},"21":{"loc":{"start":{"line":136,"column":14},"end":{"line":136,"column":null}},"type":"cond-expr","locations":[{"start":{"line":136,"column":37},"end":{"line":136,"column":75}},{"start":{"line":136,"column":75},"end":{"line":136,"column":null}}],"line":136},"22":{"loc":{"start":{"line":140,"column":6},"end":{"line":142,"column":null}},"type":"if","locations":[{"start":{"line":140,"column":6},"end":{"line":142,"column":null}},{"start":{},"end":{}}],"line":140},"23":{"loc":{"start":{"line":148,"column":44},"end":{"line":148,"column":91}},"type":"binary-expr","locations":[{"start":{"line":148,"column":44},"end":{"line":148,"column":66}},{"start":{"line":148,"column":66},"end":{"line":148,"column":91}}],"line":148},"24":{"loc":{"start":{"line":158,"column":4},"end":{"line":165,"column":null}},"type":"if","locations":[{"start":{"line":158,"column":4},"end":{"line":165,"column":null}},{"start":{},"end":{}}],"line":158},"25":{"loc":{"start":{"line":162,"column":19},"end":{"line":162,"column":null}},"type":"binary-expr","locations":[{"start":{"line":162,"column":19},"end":{"line":162,"column":26}},{"start":{"line":162,"column":26},"end":{"line":162,"column":null}}],"line":162},"26":{"loc":{"start":{"line":171,"column":36},"end":{"line":171,"column":94}},"type":"binary-expr","locations":[{"start":{"line":171,"column":36},"end":{"line":171,"column":93}},{"start":{"line":171,"column":93},"end":{"line":171,"column":94}}],"line":171}},"s":{"0":0,"1":0,"2":0,"3":0,"4":0,"5":0,"6":0,"7":0,"8":0,"9":0,"10":0,"11":0,"12":0,"13":0,"14":0,"15":0,"16":0,"17":0,"18":0,"19":0,"20":0,"21":0,"22":0,"23":0,"24":0,"25":0,"26":0,"27":0,"28":0,"29":0,"30":0,"31":0,"32":0,"33":0,"34":0,"35":0,"36":0,"37":0,"38":0,"39":0,"40":0,"41":0,"42":0,"43":0,"44":0,"45":0,"46":0,"47":0,"48":0,"49":0,"50":0,"51":0,"52":0,"53":0,"54":0,"55":0,"56":0,"57":0,"58":0,"59":0,"60":0,"61":0,"62":0,"63":0,"64":0,"65":0,"66":0,"67":0,"68":0,"69":0,"70":0,"71":0,"72":0,"73":0,"74":0,"75":0,"76":0,"77":0,"78":0,"79":0,"80":0,"81":0,"82":0,"83":0,"84":0,"85":0,"86":0,"87":0,"88":0,"89":0},"f":{"0":0,"1":0,"2":0,"3":0,"4":0,"5":0,"6":0,"7":0,"8":0,"9":0,"10":0,"11":0,"12":0,"13":0,"14":0,"15":0,"16":0},"b":{"0":[0,0],"1":[0,0],"2":[0,0],"3":[0,0],"4":[0,0],"5":[0,0],"6":[0,0],"7":[0],"8":[0,0],"9":[0,0],"10":[0,0],"11":[0,0],"12":[0],"13":[0,0],"14":[0,0],"15":[0,0],"16":[0,0],"17":[0,0],"18":[0],"19":[0,0],"20":[0,0],"21":[0,0],"22":[0,0],"23":[0,0],"24":[0,0],"25":[0,0],"26":[0,0]},"meta":{"lastBranch":27,"lastFunction":17,"lastStatement":90,"seen":{"f:8:16:8:62":0,"s:9:15:9:Infinity":0,"s:10:16:10:Infinity":1,"s:12:29:12:Infinity":2,"s:14:16:14:Infinity":3,"s:15:18:15:Infinity":4,"s:16:17:16:Infinity":5,"s:17:22:17:Infinity":6,"s:18:22:18:Infinity":7,"s:19:18:19:Infinity":8,"f:21:11:21:25":1,"s:22:4:25:Infinity":9,"f:29:17:29:28":2,"s:30:4:30:Infinity":10,"s:31:4:55:Infinity":11,"s:32:18:35:Infinity":12,"s:37:25:37:Infinity":13,"b:38:6:44:Infinity:40:13:44:Infinity":0,"s:38:6:44:Infinity":14,"b:38:10:38:29:38:29:38:74":1,"s:39:8:39:Infinity":15,"b:40:13:44:Infinity:42:13:44:Infinity":2,"s:40:13:44:Infinity":16,"s:41:8:41:Infinity":17,"b:42:13:44:Infinity:undefined:undefined:undefined:undefined":3,"s:42:13:44:Infinity":18,"s:43:8:43:Infinity":19,"s:46:6:46:Infinity":20,"s:48:6:48:Infinity":21,"b:50:6:52:Infinity:undefined:undefined:undefined:undefined":4,"s:50:6:52:Infinity":22,"b:50:10:50:32:50:32:50:50":5,"s:51:8:51:Infinity":23,"b:51:46:51:68:51:68:51:91":6,"s:54:6:54:Infinity":24,"f:59:17:59:28":3,"b:59:71:59:101":7,"s:60:4:60:Infinity":25,"s:61:4:84:Infinity":26,"s:62:21:62:Infinity":27,"b:62:40:62:122:62:122:62:Infinity":8,"b:62:72:62:103:62:103:62:122":9,"s:63:20:63:Infinity":28,"s:65:18:70:Infinity":29,"b:72:6:74:Infinity:undefined:undefined:undefined:undefined":10,"s:72:6:74:Infinity":30,"s:73:8:73:Infinity":31,"s:76:6:76:Infinity":32,"s:77:6:77:Infinity":33,"s:78:6:78:Infinity":34,"s:80:6:80:Infinity":35,"b:80:44:80:66:80:66:80:91":11,"s:81:6:81:Infinity":36,"s:83:6:83:Infinity":37,"f:88:17:88:28":4,"b:88:92:88:122":12,"s:89:4:89:Infinity":38,"s:90:4:120:Infinity":39,"s:91:21:91:Infinity":40,"b:91:40:91:122:91:122:91:Infinity":13,"b:91:72:91:103:91:103:91:122":14,"s:92:20:92:Infinity":41,"s:95:23:95:Infinity":42,"f:95:35:95:41":5,"s:95:52:95:79":43,"s:96:31:99:Infinity":44,"b:98:35:98:73:98:73:98:Infinity":15,"s:101:18:106:Infinity":45,"b:108:6:110:Infinity:undefined:undefined:undefined:undefined":16,"s:108:6:110:Infinity":46,"s:109:8:109:Infinity":47,"s:112:6:112:Infinity":48,"s:113:6:113:Infinity":49,"s:114:6:114:Infinity":50,"s:116:6:116:Infinity":51,"b:116:44:116:66:116:66:116:91":17,"s:117:6:117:Infinity":52,"s:119:6:119:Infinity":53,"f:124:17:124:28":6,"b:124:62:124:92":18,"s:125:4:125:Infinity":54,"s:126:4:152:Infinity":55,"s:127:21:127:Infinity":56,"b:127:40:127:122:127:122:127:Infinity":19,"b:127:72:127:103:127:103:127:122":20,"s:128:20:128:Infinity":57,"s:131:23:131:Infinity":58,"f:131:35:131:41":7,"s:131:52:131:79":59,"s:133:18:138:Infinity":60,"b:136:37:136:75:136:75:136:Infinity":21,"b:140:6:142:Infinity:undefined:undefined:undefined:undefined":22,"s:140:6:142:Infinity":61,"s:141:8:141:Infinity":62,"s:144:6:144:Infinity":63,"s:145:6:145:Infinity":64,"s:146:6:146:Infinity":65,"s:148:6:148:Infinity":66,"b:148:44:148:66:148:66:148:91":23,"s:149:6:149:Infinity":67,"s:151:6:151:Infinity":68,"s:156:24:169:Infinity":69,"f:156:24:156:39":8,"s:157:15:157:Infinity":70,"b:158:4:165:Infinity:undefined:undefined:undefined:undefined":24,"s:158:4:165:Infinity":71,"s:159:16:159:Infinity":72,"s:160:6:164:Infinity":73,"f:160:18:160:26":9,"s:161:8:163:Infinity":74,"f:161:28:161:Infinity":10,"s:162:19:162:Infinity":75,"b:162:19:162:26:162:26:162:Infinity":25,"s:167:4:167:Infinity":76,"f:167:9:167:15":11,"s:167:24:167:51":77,"s:168:4:168:Infinity":78,"s:171:21:171:Infinity":79,"f:171:21:171:36":12,"s:171:36:171:94":80,"b:171:36:171:93:171:93:171:94":26,"s:172:21:172:Infinity":81,"f:172:21:172:37":13,"s:172:21:172:75":82,"s:173:19:173:Infinity":83,"f:173:19:173:34":14,"s:173:34:173:66":84,"s:174:25:174:Infinity":85,"f:174:25:174:40":15,"s:174:40:174:99":86,"s:176:2:178:Infinity":87,"f:176:29:176:38":16,"s:177:4:177:Infinity":88,"s:180:2:196:Infinity":89},"fnNames":{}}}
,"C:\\Users\\monokid7\\Documents\\projects\\systems\\kongamano\\app\\composables\\useEvents.ts": {"path":"C:\\Users\\monokid7\\Documents\\projects\\systems\\kongamano\\app\\composables\\useEvents.ts","statementMap":{"0":{"start":{"line":2,"column":13},"end":{"line":4,"column":null}},"1":{"start":{"line":3,"column":2},"end":{"line":3,"column":null}}},"fnMap":{"0":{"name":"(anonymous_0)","decl":{"start":{"line":2,"column":13},"end":{"line":2,"column":31}},"loc":{"start":{"line":2,"column":31},"end":{"line":4,"column":null}},"line":2}},"branchMap":{},"s":{"0":0,"1":0},"f":{"0":0},"b":{},"meta":{"lastBranch":0,"lastFunction":1,"lastStatement":2,"seen":{"s:2:13:4:Infinity":0,"f:2:13:2:31":0,"s:3:2:3:Infinity":1},"fnNames":{}}}
,"C:\\Users\\monokid7\\Documents\\projects\\systems\\kongamano\\app\\composables\\usePasswordReset.ts": {"path":"C:\\Users\\monokid7\\Documents\\projects\\systems\\kongamano\\app\\composables\\usePasswordReset.ts","statementMap":{"0":{"start":{"line":5,"column":25},"end":{"line":8,"column":null}},"1":{"start":{"line":10,"column":23},"end":{"line":23,"column":null}},"2":{"start":{"line":20,"column":20},"end":{"line":20,"column":56}},"3":{"start":{"line":26,"column":15},"end":{"line":26,"column":null}},"4":{"start":{"line":28,"column":15},"end":{"line":28,"column":null}},"5":{"start":{"line":29,"column":18},"end":{"line":29,"column":null}},"6":{"start":{"line":30,"column":23},"end":{"line":30,"column":null}},"7":{"start":{"line":31,"column":25},"end":{"line":31,"column":null}},"8":{"start":{"line":32,"column":20},"end":{"line":32,"column":null}},"9":{"start":{"line":33,"column":17},"end":{"line":33,"column":null}},"10":{"start":{"line":35,"column":19},"end":{"line":35,"column":null}},"11":{"start":{"line":36,"column":17},"end":{"line":36,"column":null}},"12":{"start":{"line":37,"column":14},"end":{"line":37,"column":null}},"13":{"start":{"line":38,"column":14},"end":{"line":38,"column":null}},"14":{"start":{"line":39,"column":26},"end":{"line":39,"column":null}},"15":{"start":{"line":41,"column":17},"end":{"line":41,"column":null}},"16":{"start":{"line":44,"column":4},"end":{"line":44,"column":null}},"17":{"start":{"line":45,"column":4},"end":{"line":45,"column":null}},"18":{"start":{"line":46,"column":4},"end":{"line":46,"column":null}},"19":{"start":{"line":50,"column":4},"end":{"line":50,"column":null}},"20":{"start":{"line":51,"column":4},"end":{"line":51,"column":null}},"21":{"start":{"line":52,"column":4},"end":{"line":52,"column":null}},"22":{"start":{"line":53,"column":4},"end":{"line":53,"column":null}},"23":{"start":{"line":54,"column":4},"end":{"line":54,"column":null}},"24":{"start":{"line":55,"column":4},"end":{"line":55,"column":null}},"25":{"start":{"line":56,"column":4},"end":{"line":56,"column":null}},"26":{"start":{"line":60,"column":4},"end":{"line":60,"column":null}},"27":{"start":{"line":62,"column":23},"end":{"line":65,"column":null}},"28":{"start":{"line":67,"column":4},"end":{"line":74,"column":null}},"29":{"start":{"line":68,"column":24},"end":{"line":68,"column":null}},"30":{"start":{"line":69,"column":6},"end":{"line":72,"column":null}},"31":{"start":{"line":73,"column":6},"end":{"line":73,"column":null}},"32":{"start":{"line":76,"column":4},"end":{"line":76,"column":null}},"33":{"start":{"line":77,"column":4},"end":{"line":104,"column":null}},"34":{"start":{"line":78,"column":23},"end":{"line":84,"column":null}},"35":{"start":{"line":86,"column":6},"end":{"line":87,"column":null}},"36":{"start":{"line":88,"column":6},"end":{"line":88,"column":null}},"37":{"start":{"line":89,"column":6},"end":{"line":89,"column":null}},"38":{"start":{"line":90,"column":6},"end":{"line":90,"column":null}},"39":{"start":{"line":92,"column":6},"end":{"line":95,"column":null}},"40":{"start":{"line":97,"column":6},"end":{"line":97,"column":null}},"41":{"start":{"line":99,"column":6},"end":{"line":99,"column":null}},"42":{"start":{"line":100,"column":6},"end":{"line":100,"column":null}},"43":{"start":{"line":101,"column":6},"end":{"line":101,"column":null}},"44":{"start":{"line":103,"column":6},"end":{"line":103,"column":null}},"45":{"start":{"line":108,"column":4},"end":{"line":108,"column":null}},"46":{"start":{"line":110,"column":23},"end":{"line":115,"column":null}},"47":{"start":{"line":117,"column":4},"end":{"line":125,"column":null}},"48":{"start":{"line":118,"column":24},"end":{"line":118,"column":null}},"49":{"start":{"line":119,"column":6},"end":{"line":123,"column":null}},"50":{"start":{"line":124,"column":6},"end":{"line":124,"column":null}},"51":{"start":{"line":127,"column":4},"end":{"line":127,"column":null}},"52":{"start":{"line":128,"column":4},"end":{"line":153,"column":null}},"53":{"start":{"line":129,"column":44},"end":{"line":134,"column":null}},"54":{"start":{"line":136,"column":23},"end":{"line":139,"column":null}},"55":{"start":{"line":141,"column":6},"end":{"line":144,"column":null}},"56":{"start":{"line":146,"column":6},"end":{"line":146,"column":null}},"57":{"start":{"line":148,"column":6},"end":{"line":148,"column":null}},"58":{"start":{"line":149,"column":6},"end":{"line":149,"column":null}},"59":{"start":{"line":150,"column":6},"end":{"line":150,"column":null}},"60":{"start":{"line":152,"column":6},"end":{"line":152,"column":null}},"61":{"start":{"line":157,"column":4},"end":{"line":157,"column":null}},"62":{"start":{"line":160,"column":2},"end":{"line":178,"column":null}}},"fnMap":{"0":{"name":"(anonymous_0)","decl":{"start":{"line":20,"column":3},"end":{"line":20,"column":11}},"loc":{"start":{"line":20,"column":20},"end":{"line":20,"column":56}},"line":20},"1":{"name":"usePasswordReset","decl":{"start":{"line":25,"column":16},"end":{"line":25,"column":33}},"loc":{"start":{"line":25,"column":83},"end":{"line":179,"column":null}},"line":25},"2":{"name":"resetMessages","decl":{"start":{"line":43,"column":11},"end":{"line":43,"column":27}},"loc":{"start":{"line":43,"column":27},"end":{"line":47,"column":null}},"line":43},"3":{"name":"resetFlow","decl":{"start":{"line":49,"column":11},"end":{"line":49,"column":23}},"loc":{"start":{"line":49,"column":23},"end":{"line":57,"column":null}},"line":49},"4":{"name":"requestOtp","decl":{"start":{"line":59,"column":17},"end":{"line":59,"column":30}},"loc":{"start":{"line":59,"column":30},"end":{"line":105,"column":null}},"line":59},"5":{"name":"resetPin","decl":{"start":{"line":107,"column":17},"end":{"line":107,"column":28}},"loc":{"start":{"line":107,"column":28},"end":{"line":154,"column":null}},"line":107},"6":{"name":"filterNumericInput","decl":{"start":{"line":156,"column":11},"end":{"line":156,"column":30}},"loc":{"start":{"line":156,"column":45},"end":{"line":158,"column":null}},"line":156}},"branchMap":{"0":{"loc":{"start":{"line":35,"column":23},"end":{"line":35,"column":46}},"type":"binary-expr","locations":[{"start":{"line":35,"column":23},"end":{"line":35,"column":44}},{"start":{"line":35,"column":44},"end":{"line":35,"column":46}}],"line":35},"1":{"loc":{"start":{"line":36,"column":21},"end":{"line":36,"column":42}},"type":"binary-expr","locations":[{"start":{"line":36,"column":21},"end":{"line":36,"column":40}},{"start":{"line":36,"column":40},"end":{"line":36,"column":42}}],"line":36},"2":{"loc":{"start":{"line":67,"column":4},"end":{"line":74,"column":null}},"type":"if","locations":[{"start":{"line":67,"column":4},"end":{"line":74,"column":null}},{"start":{},"end":{}}],"line":67},"3":{"loc":{"start":{"line":70,"column":18},"end":{"line":70,"column":null}},"type":"binary-expr","locations":[{"start":{"line":70,"column":18},"end":{"line":70,"column":52}},{"start":{"line":70,"column":52},"end":{"line":70,"column":null}}],"line":70},"4":{"loc":{"start":{"line":71,"column":16},"end":{"line":71,"column":null}},"type":"binary-expr","locations":[{"start":{"line":71,"column":16},"end":{"line":71,"column":48}},{"start":{"line":71,"column":48},"end":{"line":71,"column":null}}],"line":71},"5":{"loc":{"start":{"line":87,"column":8},"end":{"line":87,"column":null}},"type":"binary-expr","locations":[{"start":{"line":87,"column":8},"end":{"line":87,"column":29}},{"start":{"line":87,"column":29},"end":{"line":87,"column":null}}],"line":87},"6":{"loc":{"start":{"line":88,"column":24},"end":{"line":88,"column":null}},"type":"binary-expr","locations":[{"start":{"line":88,"column":24},"end":{"line":88,"column":54}},{"start":{"line":88,"column":54},"end":{"line":88,"column":null}}],"line":88},"7":{"loc":{"start":{"line":89,"column":21},"end":{"line":89,"column":null}},"type":"binary-expr","locations":[{"start":{"line":89,"column":21},"end":{"line":89,"column":44}},{"start":{"line":89,"column":44},"end":{"line":89,"column":null}}],"line":89},"8":{"loc":{"start":{"line":99,"column":27},"end":{"line":99,"column":null}},"type":"binary-expr","locations":[{"start":{"line":99,"column":27},"end":{"line":99,"column":49}},{"start":{"line":99,"column":49},"end":{"line":99,"column":null}}],"line":99},"9":{"loc":{"start":{"line":117,"column":4},"end":{"line":125,"column":null}},"type":"if","locations":[{"start":{"line":117,"column":4},"end":{"line":125,"column":null}},{"start":{},"end":{}}],"line":117},"10":{"loc":{"start":{"line":120,"column":13},"end":{"line":120,"column":null}},"type":"binary-expr","locations":[{"start":{"line":120,"column":13},"end":{"line":120,"column":42}},{"start":{"line":120,"column":42},"end":{"line":120,"column":null}}],"line":120},"11":{"loc":{"start":{"line":121,"column":13},"end":{"line":121,"column":null}},"type":"binary-expr","locations":[{"start":{"line":121,"column":13},"end":{"line":121,"column":42}},{"start":{"line":121,"column":42},"end":{"line":121,"column":null}}],"line":121},"12":{"loc":{"start":{"line":122,"column":26},"end":{"line":122,"column":null}},"type":"binary-expr","locations":[{"start":{"line":122,"column":26},"end":{"line":122,"column":68}},{"start":{"line":122,"column":68},"end":{"line":122,"column":null}}],"line":122},"13":{"loc":{"start":{"line":143,"column":17},"end":{"line":143,"column":null}},"type":"binary-expr","locations":[{"start":{"line":143,"column":17},"end":{"line":143,"column":38}},{"start":{"line":143,"column":38},"end":{"line":143,"column":null}}],"line":143},"14":{"loc":{"start":{"line":148,"column":27},"end":{"line":148,"column":null}},"type":"binary-expr","locations":[{"start":{"line":148,"column":27},"end":{"line":148,"column":49}},{"start":{"line":148,"column":49},"end":{"line":148,"column":null}}],"line":148}},"s":{"0":0,"1":0,"2":0,"3":0,"4":0,"5":0,"6":0,"7":0,"8":0,"9":0,"10":0,"11":0,"12":0,"13":0,"14":0,"15":0,"16":0,"17":0,"18":0,"19":0,"20":0,"21":0,"22":0,"23":0,"24":0,"25":0,"26":0,"27":0,"28":0,"29":0,"30":0,"31":0,"32":0,"33":0,"34":0,"35":0,"36":0,"37":0,"38":0,"39":0,"40":0,"41":0,"42":0,"43":0,"44":0,"45":0,"46":0,"47":0,"48":0,"49":0,"50":0,"51":0,"52":0,"53":0,"54":0,"55":0,"56":0,"57":0,"58":0,"59":0,"60":0,"61":0,"62":0},"f":{"0":0,"1":0,"2":0,"3":0,"4":0,"5":0,"6":0},"b":{"0":[0,0],"1":[0,0],"2":[0,0],"3":[0,0],"4":[0,0],"5":[0,0],"6":[0,0],"7":[0,0],"8":[0,0],"9":[0,0],"10":[0,0],"11":[0,0],"12":[0,0],"13":[0,0],"14":[0,0]},"meta":{"lastBranch":15,"lastFunction":7,"lastStatement":63,"seen":{"s:5:25:8:Infinity":0,"s:10:23:23:Infinity":1,"f:20:3:20:11":0,"s:20:20:20:56":2,"f:25:16:25:33":1,"s:26:15:26:Infinity":3,"s:28:15:28:Infinity":4,"s:29:18:29:Infinity":5,"s:30:23:30:Infinity":6,"s:31:25:31:Infinity":7,"s:32:20:32:Infinity":8,"s:33:17:33:Infinity":9,"s:35:19:35:Infinity":10,"b:35:23:35:44:35:44:35:46":0,"s:36:17:36:Infinity":11,"b:36:21:36:40:36:40:36:42":1,"s:37:14:37:Infinity":12,"s:38:14:38:Infinity":13,"s:39:26:39:Infinity":14,"s:41:17:41:Infinity":15,"f:43:11:43:27":2,"s:44:4:44:Infinity":16,"s:45:4:45:Infinity":17,"s:46:4:46:Infinity":18,"f:49:11:49:23":3,"s:50:4:50:Infinity":19,"s:51:4:51:Infinity":20,"s:52:4:52:Infinity":21,"s:53:4:53:Infinity":22,"s:54:4:54:Infinity":23,"s:55:4:55:Infinity":24,"s:56:4:56:Infinity":25,"f:59:17:59:30":4,"s:60:4:60:Infinity":26,"s:62:23:65:Infinity":27,"b:67:4:74:Infinity:undefined:undefined:undefined:undefined":2,"s:67:4:74:Infinity":28,"s:68:24:68:Infinity":29,"s:69:6:72:Infinity":30,"b:70:18:70:52:70:52:70:Infinity":3,"b:71:16:71:48:71:48:71:Infinity":4,"s:73:6:73:Infinity":31,"s:76:4:76:Infinity":32,"s:77:4:104:Infinity":33,"s:78:23:84:Infinity":34,"s:86:6:87:Infinity":35,"b:87:8:87:29:87:29:87:Infinity":5,"s:88:6:88:Infinity":36,"b:88:24:88:54:88:54:88:Infinity":6,"s:89:6:89:Infinity":37,"b:89:21:89:44:89:44:89:Infinity":7,"s:90:6:90:Infinity":38,"s:92:6:95:Infinity":39,"s:97:6:97:Infinity":40,"s:99:6:99:Infinity":41,"b:99:27:99:49:99:49:99:Infinity":8,"s:100:6:100:Infinity":42,"s:101:6:101:Infinity":43,"s:103:6:103:Infinity":44,"f:107:17:107:28":5,"s:108:4:108:Infinity":45,"s:110:23:115:Infinity":46,"b:117:4:125:Infinity:undefined:undefined:undefined:undefined":9,"s:117:4:125:Infinity":47,"s:118:24:118:Infinity":48,"s:119:6:123:Infinity":49,"b:120:13:120:42:120:42:120:Infinity":10,"b:121:13:121:42:121:42:121:Infinity":11,"b:122:26:122:68:122:68:122:Infinity":12,"s:124:6:124:Infinity":50,"s:127:4:127:Infinity":51,"s:128:4:153:Infinity":52,"s:129:44:134:Infinity":53,"s:136:23:139:Infinity":54,"s:141:6:144:Infinity":55,"b:143:17:143:38:143:38:143:Infinity":13,"s:146:6:146:Infinity":56,"s:148:6:148:Infinity":57,"b:148:27:148:49:148:49:148:Infinity":14,"s:149:6:149:Infinity":58,"s:150:6:150:Infinity":59,"s:152:6:152:Infinity":60,"f:156:11:156:30":6,"s:157:4:157:Infinity":61,"s:160:2:178:Infinity":62},"fnNames":{}}}
,"C:\\Users\\monokid7\\Documents\\projects\\systems\\kongamano\\app\\composables\\useTheme.ts": {"path":"C:\\Users\\monokid7\\Documents\\projects\\systems\\kongamano\\app\\composables\\useTheme.ts","statementMap":{"0":{"start":{"line":1,"column":18},"end":{"line":1,"column":null}},"1":{"start":{"line":4,"column":17},"end":{"line":4,"column":null}},"2":{"start":{"line":7,"column":4},"end":{"line":7,"column":null}},"3":{"start":{"line":7,"column":29},"end":{"line":7,"column":null}},"4":{"start":{"line":8,"column":17},"end":{"line":8,"column":null}},"5":{"start":{"line":9,"column":4},"end":{"line":15,"column":null}},"6":{"start":{"line":10,"column":6},"end":{"line":10,"column":null}},"7":{"start":{"line":11,"column":6},"end":{"line":11,"column":null}},"8":{"start":{"line":13,"column":6},"end":{"line":13,"column":null}},"9":{"start":{"line":14,"column":6},"end":{"line":14,"column":null}},"10":{"start":{"line":16,"column":4},"end":{"line":16,"column":null}},"11":{"start":{"line":17,"column":4},"end":{"line":17,"column":null}},"12":{"start":{"line":21,"column":4},"end":{"line":21,"column":null}},"13":{"start":{"line":25,"column":4},"end":{"line":25,"column":null}},"14":{"start":{"line":25,"column":29},"end":{"line":25,"column":null}},"15":{"start":{"line":26,"column":18},"end":{"line":26,"column":null}},"16":{"start":{"line":28,"column":24},"end":{"line":28,"column":null}},"17":{"start":{"line":29,"column":4},"end":{"line":29,"column":null}},"18":{"start":{"line":32,"column":2},"end":{"line":32,"column":null}}},"fnMap":{"0":{"name":"useTheme","decl":{"start":{"line":3,"column":16},"end":{"line":3,"column":27}},"loc":{"start":{"line":3,"column":27},"end":{"line":33,"column":null}},"line":3},"1":{"name":"applyTheme","decl":{"start":{"line":6,"column":11},"end":{"line":6,"column":22}},"loc":{"start":{"line":6,"column":37},"end":{"line":18,"column":null}},"line":6},"2":{"name":"toggleTheme","decl":{"start":{"line":20,"column":11},"end":{"line":20,"column":25}},"loc":{"start":{"line":20,"column":25},"end":{"line":22,"column":null}},"line":20},"3":{"name":"initTheme","decl":{"start":{"line":24,"column":11},"end":{"line":24,"column":23}},"loc":{"start":{"line":24,"column":23},"end":{"line":30,"column":null}},"line":24}},"branchMap":{"0":{"loc":{"start":{"line":7,"column":4},"end":{"line":7,"column":null}},"type":"if","locations":[{"start":{"line":7,"column":4},"end":{"line":7,"column":null}},{"start":{},"end":{}}],"line":7},"1":{"loc":{"start":{"line":9,"column":4},"end":{"line":15,"column":null}},"type":"if","locations":[{"start":{"line":9,"column":4},"end":{"line":15,"column":null}},{"start":{"line":12,"column":11},"end":{"line":15,"column":null}}],"line":9},"2":{"loc":{"start":{"line":17,"column":36},"end":{"line":17,"column":59}},"type":"cond-expr","locations":[{"start":{"line":17,"column":43},"end":{"line":17,"column":52}},{"start":{"line":17,"column":52},"end":{"line":17,"column":59}}],"line":17},"3":{"loc":{"start":{"line":25,"column":4},"end":{"line":25,"column":null}},"type":"if","locations":[{"start":{"line":25,"column":4},"end":{"line":25,"column":null}},{"start":{},"end":{}}],"line":25},"4":{"loc":{"start":{"line":29,"column":15},"end":{"line":29,"column":53}},"type":"cond-expr","locations":[{"start":{"line":29,"column":23},"end":{"line":29,"column":42}},{"start":{"line":29,"column":42},"end":{"line":29,"column":53}}],"line":29}},"s":{"0":0,"1":0,"2":0,"3":0,"4":0,"5":0,"6":0,"7":0,"8":0,"9":0,"10":0,"11":0,"12":0,"13":0,"14":0,"15":0,"16":0,"17":0,"18":0},"f":{"0":0,"1":0,"2":0,"3":0},"b":{"0":[0,0],"1":[0,0],"2":[0,0],"3":[0,0],"4":[0,0]},"meta":{"lastBranch":5,"lastFunction":4,"lastStatement":19,"seen":{"s:1:18:1:Infinity":0,"f:3:16:3:27":0,"s:4:17:4:Infinity":1,"f:6:11:6:22":1,"b:7:4:7:Infinity:undefined:undefined:undefined:undefined":0,"s:7:4:7:Infinity":2,"s:7:29:7:Infinity":3,"s:8:17:8:Infinity":4,"b:9:4:15:Infinity:12:11:15:Infinity":1,"s:9:4:15:Infinity":5,"s:10:6:10:Infinity":6,"s:11:6:11:Infinity":7,"s:13:6:13:Infinity":8,"s:14:6:14:Infinity":9,"s:16:4:16:Infinity":10,"s:17:4:17:Infinity":11,"b:17:43:17:52:17:52:17:59":2,"f:20:11:20:25":2,"s:21:4:21:Infinity":12,"f:24:11:24:23":3,"b:25:4:25:Infinity:undefined:undefined:undefined:undefined":3,"s:25:4:25:Infinity":13,"s:25:29:25:Infinity":14,"s:26:18:26:Infinity":15,"s:28:24:28:Infinity":16,"s:29:4:29:Infinity":17,"b:29:23:29:42:29:42:29:53":4,"s:32:2:32:Infinity":18},"fnNames":{}}}
,"C:\\Users\\monokid7\\Documents\\projects\\systems\\kongamano\\app\\stores\\auth.ts": {"path":"C:\\Users\\monokid7\\Documents\\projects\\systems\\kongamano\\app\\stores\\auth.ts","statementMap":{"0":{"start":{"line":4,"column":28},"end":{"line":47,"column":null}},"1":{"start":{"line":5,"column":15},"end":{"line":5,"column":null}},"2":{"start":{"line":6,"column":16},"end":{"line":6,"column":null}},"3":{"start":{"line":6,"column":67},"end":{"line":6,"column":73}},"4":{"start":{"line":8,"column":26},"end":{"line":8,"column":null}},"5":{"start":{"line":8,"column":41},"end":{"line":8,"column":54}},"6":{"start":{"line":11,"column":4},"end":{"line":11,"column":null}},"7":{"start":{"line":15,"column":4},"end":{"line":15,"column":null}},"8":{"start":{"line":19,"column":4},"end":{"line":19,"column":null}},"9":{"start":{"line":19,"column":22},"end":{"line":19,"column":null}},"10":{"start":{"line":20,"column":4},"end":{"line":29,"column":null}},"11":{"start":{"line":21,"column":18},"end":{"line":23,"column":null}},"12":{"start":{"line":24,"column":6},"end":{"line":26,"column":null}},"13":{"start":{"line":25,"column":8},"end":{"line":25,"column":null}},"14":{"start":{"line":28,"column":6},"end":{"line":28,"column":null}},"15":{"start":{"line":33,"column":4},"end":{"line":33,"column":null}},"16":{"start":{"line":34,"column":4},"end":{"line":34,"column":null}},"17":{"start":{"line":35,"column":4},"end":{"line":35,"column":null}},"18":{"start":{"line":38,"column":2},"end":{"line":46,"column":null}}},"fnMap":{"0":{"name":"(anonymous_0)","decl":{"start":{"line":4,"column":40},"end":{"line":4,"column":54}},"loc":{"start":{"line":4,"column":54},"end":{"line":47,"column":1}},"line":4},"1":{"name":"(anonymous_1)","decl":{"start":{"line":6,"column":52},"end":{"line":6,"column":67}},"loc":{"start":{"line":6,"column":67},"end":{"line":6,"column":73}},"line":6},"2":{"name":"(anonymous_2)","decl":{"start":{"line":8,"column":26},"end":{"line":8,"column":41}},"loc":{"start":{"line":8,"column":41},"end":{"line":8,"column":54}},"line":8},"3":{"name":"setUser","decl":{"start":{"line":10,"column":11},"end":{"line":10,"column":19}},"loc":{"start":{"line":10,"column":42},"end":{"line":12,"column":null}},"line":10},"4":{"name":"setToken","decl":{"start":{"line":14,"column":11},"end":{"line":14,"column":20}},"loc":{"start":{"line":14,"column":47},"end":{"line":16,"column":null}},"line":14},"5":{"name":"fetchCurrentUser","decl":{"start":{"line":18,"column":17},"end":{"line":18,"column":36}},"loc":{"start":{"line":18,"column":36},"end":{"line":30,"column":null}},"line":18},"6":{"name":"logout","decl":{"start":{"line":32,"column":11},"end":{"line":32,"column":20}},"loc":{"start":{"line":32,"column":20},"end":{"line":36,"column":null}},"line":32}},"branchMap":{"0":{"loc":{"start":{"line":19,"column":4},"end":{"line":19,"column":null}},"type":"if","locations":[{"start":{"line":19,"column":4},"end":{"line":19,"column":null}},{"start":{},"end":{}}],"line":19},"1":{"loc":{"start":{"line":24,"column":6},"end":{"line":26,"column":null}},"type":"if","locations":[{"start":{"line":24,"column":6},"end":{"line":26,"column":null}},{"start":{},"end":{}}],"line":24}},"s":{"0":0,"1":0,"2":0,"3":0,"4":0,"5":0,"6":0,"7":0,"8":0,"9":0,"10":0,"11":0,"12":0,"13":0,"14":0,"15":0,"16":0,"17":0,"18":0},"f":{"0":0,"1":0,"2":0,"3":0,"4":0,"5":0,"6":0},"b":{"0":[0,0],"1":[0,0]},"meta":{"lastBranch":2,"lastFunction":7,"lastStatement":19,"seen":{"s:4:28:47:Infinity":0,"f:4:40:4:54":0,"s:5:15:5:Infinity":1,"s:6:16:6:Infinity":2,"f:6:52:6:67":1,"s:6:67:6:73":3,"s:8:26:8:Infinity":4,"f:8:26:8:41":2,"s:8:41:8:54":5,"f:10:11:10:19":3,"s:11:4:11:Infinity":6,"f:14:11:14:20":4,"s:15:4:15:Infinity":7,"f:18:17:18:36":5,"b:19:4:19:Infinity:undefined:undefined:undefined:undefined":0,"s:19:4:19:Infinity":8,"s:19:22:19:Infinity":9,"s:20:4:29:Infinity":10,"s:21:18:23:Infinity":11,"b:24:6:26:Infinity:undefined:undefined:undefined:undefined":1,"s:24:6:26:Infinity":12,"s:25:8:25:Infinity":13,"s:28:6:28:Infinity":14,"f:32:11:32:20":6,"s:33:4:33:Infinity":15,"s:34:4:34:Infinity":16,"s:35:4:35:Infinity":17,"s:38:2:46:Infinity":18},"fnNames":{}}}
,"C:\\Users\\monokid7\\Documents\\projects\\systems\\kongamano\\app\\utils\\cachedFetch.ts": {"path":"C:\\Users\\monokid7\\Documents\\projects\\systems\\kongamano\\app\\utils\\cachedFetch.ts","statementMap":{"0":{"start":{"line":4,"column":19},"end":{"line":4,"column":null}},"1":{"start":{"line":7,"column":2},"end":{"line":12,"column":null}},"2":{"start":{"line":8,"column":19},"end":{"line":8,"column":null}},"3":{"start":{"line":9,"column":4},"end":{"line":11,"column":null}},"4":{"start":{"line":10,"column":6},"end":{"line":10,"column":null}},"5":{"start":{"line":15,"column":17},"end":{"line":15,"column":null}},"6":{"start":{"line":16,"column":2},"end":{"line":21,"column":null}},"7":{"start":{"line":17,"column":18},"end":{"line":17,"column":null}},"8":{"start":{"line":18,"column":4},"end":{"line":20,"column":null}},"9":{"start":{"line":19,"column":6},"end":{"line":19,"column":null}},"10":{"start":{"line":23,"column":2},"end":{"line":47,"column":null}},"11":{"start":{"line":24,"column":16},"end":{"line":31,"column":null}},"12":{"start":{"line":34,"column":4},"end":{"line":36,"column":null}},"13":{"start":{"line":35,"column":6},"end":{"line":35,"column":null}},"14":{"start":{"line":37,"column":4},"end":{"line":37,"column":null}},"15":{"start":{"line":40,"column":4},"end":{"line":45,"column":null}},"16":{"start":{"line":41,"column":21},"end":{"line":41,"column":null}},"17":{"start":{"line":42,"column":6},"end":{"line":44,"column":null}},"18":{"start":{"line":43,"column":8},"end":{"line":43,"column":null}},"19":{"start":{"line":46,"column":4},"end":{"line":46,"column":null}}},"fnMap":{"0":{"name":"cachedFetch","decl":{"start":{"line":3,"column":22},"end":{"line":3,"column":43}},"loc":{"start":{"line":3,"column":80},"end":{"line":48,"column":null}},"line":3}},"branchMap":{"0":{"loc":{"start":{"line":7,"column":2},"end":{"line":12,"column":null}},"type":"if","locations":[{"start":{"line":7,"column":2},"end":{"line":12,"column":null}},{"start":{},"end":{}}],"line":7},"1":{"loc":{"start":{"line":7,"column":6},"end":{"line":7,"column":47}},"type":"binary-expr","locations":[{"start":{"line":7,"column":6},"end":{"line":7,"column":28}},{"start":{"line":7,"column":28},"end":{"line":7,"column":47}}],"line":7},"2":{"loc":{"start":{"line":9,"column":4},"end":{"line":11,"column":null}},"type":"if","locations":[{"start":{"line":9,"column":4},"end":{"line":11,"column":null}},{"start":{},"end":{}}],"line":9},"3":{"loc":{"start":{"line":16,"column":2},"end":{"line":21,"column":null}},"type":"if","locations":[{"start":{"line":16,"column":2},"end":{"line":21,"column":null}},{"start":{},"end":{}}],"line":16},"4":{"loc":{"start":{"line":18,"column":4},"end":{"line":20,"column":null}},"type":"if","locations":[{"start":{"line":18,"column":4},"end":{"line":20,"column":null}},{"start":{},"end":{}}],"line":18},"5":{"loc":{"start":{"line":27,"column":12},"end":{"line":27,"column":null}},"type":"cond-expr","locations":[{"start":{"line":27,"column":23},"end":{"line":27,"column":65}},{"start":{"line":27,"column":65},"end":{"line":27,"column":null}}],"line":27},"6":{"loc":{"start":{"line":34,"column":4},"end":{"line":36,"column":null}},"type":"if","locations":[{"start":{"line":34,"column":4},"end":{"line":36,"column":null}},{"start":{},"end":{}}],"line":34},"7":{"loc":{"start":{"line":34,"column":8},"end":{"line":34,"column":35}},"type":"binary-expr","locations":[{"start":{"line":34,"column":8},"end":{"line":34,"column":30}},{"start":{"line":34,"column":30},"end":{"line":34,"column":35}}],"line":34},"8":{"loc":{"start":{"line":40,"column":4},"end":{"line":45,"column":null}},"type":"if","locations":[{"start":{"line":40,"column":4},"end":{"line":45,"column":null}},{"start":{},"end":{}}],"line":40},"9":{"loc":{"start":{"line":42,"column":6},"end":{"line":44,"column":null}},"type":"if","locations":[{"start":{"line":42,"column":6},"end":{"line":44,"column":null}},{"start":{},"end":{}}],"line":42}},"s":{"0":0,"1":0,"2":0,"3":0,"4":0,"5":0,"6":0,"7":0,"8":0,"9":0,"10":0,"11":0,"12":0,"13":0,"14":0,"15":0,"16":0,"17":0,"18":0,"19":0},"f":{"0":0},"b":{"0":[0,0],"1":[0,0],"2":[0,0],"3":[0,0],"4":[0,0],"5":[0,0],"6":[0,0],"7":[0,0],"8":[0,0],"9":[0,0]},"meta":{"lastBranch":10,"lastFunction":1,"lastStatement":20,"seen":{"f:3:22:3:43":0,"s:4:19:4:Infinity":0,"b:7:2:12:Infinity:undefined:undefined:undefined:undefined":0,"s:7:2:12:Infinity":1,"b:7:6:7:28:7:28:7:47":1,"s:8:19:8:Infinity":2,"b:9:4:11:Infinity:undefined:undefined:undefined:undefined":2,"s:9:4:11:Infinity":3,"s:10:6:10:Infinity":4,"s:15:17:15:Infinity":5,"b:16:2:21:Infinity:undefined:undefined:undefined:undefined":3,"s:16:2:21:Infinity":6,"s:17:18:17:Infinity":7,"b:18:4:20:Infinity:undefined:undefined:undefined:undefined":4,"s:18:4:20:Infinity":8,"s:19:6:19:Infinity":9,"s:23:2:47:Infinity":10,"s:24:16:31:Infinity":11,"b:27:23:27:65:27:65:27:Infinity":5,"b:34:4:36:Infinity:undefined:undefined:undefined:undefined":6,"s:34:4:36:Infinity":12,"b:34:8:34:30:34:30:34:35":7,"s:35:6:35:Infinity":13,"s:37:4:37:Infinity":14,"b:40:4:45:Infinity:undefined:undefined:undefined:undefined":8,"s:40:4:45:Infinity":15,"s:41:21:41:Infinity":16,"b:42:6:44:Infinity:undefined:undefined:undefined:undefined":9,"s:42:6:44:Infinity":17,"s:43:8:43:Infinity":18,"s:46:4:46:Infinity":19},"fnNames":{}}}
,"C:\\Users\\monokid7\\Documents\\projects\\systems\\kongamano\\app\\utils\\date.ts": {"path":"C:\\Users\\monokid7\\Documents\\projects\\systems\\kongamano\\app\\utils\\date.ts","statementMap":{"0":{"start":{"line":10,"column":2},"end":{"line":10,"column":null}},"1":{"start":{"line":10,"column":16},"end":{"line":10,"column":null}},"2":{"start":{"line":11,"column":2},"end":{"line":32,"column":null}},"3":{"start":{"line":12,"column":21},"end":{"line":12,"column":null}},"4":{"start":{"line":13,"column":18},"end":{"line":13,"column":null}},"5":{"start":{"line":15,"column":4},"end":{"line":24,"column":null}},"6":{"start":{"line":16,"column":16},"end":{"line":16,"column":null}},"7":{"start":{"line":17,"column":16},"end":{"line":17,"column":null}},"8":{"start":{"line":18,"column":16},"end":{"line":18,"column":null}},"9":{"start":{"line":19,"column":6},"end":{"line":19,"column":null}},"10":{"start":{"line":19,"column":65},"end":{"line":19,"column":null}},"11":{"start":{"line":20,"column":6},"end":{"line":20,"column":null}},"12":{"start":{"line":22,"column":6},"end":{"line":22,"column":null}},"13":{"start":{"line":23,"column":6},"end":{"line":23,"column":null}},"14":{"start":{"line":23,"column":40},"end":{"line":23,"column":null}},"15":{"start":{"line":25,"column":4},"end":{"line":29,"column":null}},"16":{"start":{"line":31,"column":4},"end":{"line":31,"column":null}}},"fnMap":{"0":{"name":"formatDate","decl":{"start":{"line":9,"column":16},"end":{"line":9,"column":27}},"loc":{"start":{"line":9,"column":60},"end":{"line":33,"column":null}},"line":9}},"branchMap":{"0":{"loc":{"start":{"line":10,"column":2},"end":{"line":10,"column":null}},"type":"if","locations":[{"start":{"line":10,"column":2},"end":{"line":10,"column":null}},{"start":{},"end":{}}],"line":10},"1":{"loc":{"start":{"line":12,"column":21},"end":{"line":12,"column":null}},"type":"binary-expr","locations":[{"start":{"line":12,"column":21},"end":{"line":12,"column":46}},{"start":{"line":12,"column":46},"end":{"line":12,"column":null}}],"line":12},"2":{"loc":{"start":{"line":15,"column":4},"end":{"line":24,"column":null}},"type":"if","locations":[{"start":{"line":15,"column":4},"end":{"line":24,"column":null}},{"start":{"line":21,"column":11},"end":{"line":24,"column":null}}],"line":15},"3":{"loc":{"start":{"line":19,"column":6},"end":{"line":19,"column":null}},"type":"if","locations":[{"start":{"line":19,"column":6},"end":{"line":19,"column":null}},{"start":{},"end":{}}],"line":19},"4":{"loc":{"start":{"line":19,"column":10},"end":{"line":19,"column":65}},"type":"binary-expr","locations":[{"start":{"line":19,"column":10},"end":{"line":19,"column":29}},{"start":{"line":19,"column":29},"end":{"line":19,"column":48}},{"start":{"line":19,"column":48},"end":{"line":19,"column":65}}],"line":19},"5":{"loc":{"start":{"line":23,"column":6},"end":{"line":23,"column":null}},"type":"if","locations":[{"start":{"line":23,"column":6},"end":{"line":23,"column":null}},{"start":{},"end":{}}],"line":23}},"s":{"0":11,"1":3,"2":8,"3":8,"4":11,"5":11,"6":7,"7":7,"8":7,"9":7,"10":1,"11":6,"12":1,"13":1,"14":1,"15":6,"16":0},"f":{"0":11},"b":{"0":[3,8],"1":[8,0],"2":[7,1],"3":[1,6],"4":[7,6,6],"5":[1,0]},"meta":{"lastBranch":6,"lastFunction":1,"lastStatement":17,"seen":{"f:9:16:9:27":0,"b:10:2:10:Infinity:undefined:undefined:undefined:undefined":0,"s:10:2:10:Infinity":0,"s:10:16:10:Infinity":1,"s:11:2:32:Infinity":2,"s:12:21:12:Infinity":3,"b:12:21:12:46:12:46:12:Infinity":1,"s:13:18:13:Infinity":4,"b:15:4:24:Infinity:21:11:24:Infinity":2,"s:15:4:24:Infinity":5,"s:16:16:16:Infinity":6,"s:17:16:17:Infinity":7,"s:18:16:18:Infinity":8,"b:19:6:19:Infinity:undefined:undefined:undefined:undefined":3,"s:19:6:19:Infinity":9,"b:19:10:19:29:19:29:19:48:19:48:19:65":4,"s:19:65:19:Infinity":10,"s:20:6:20:Infinity":11,"s:22:6:22:Infinity":12,"b:23:6:23:Infinity:undefined:undefined:undefined:undefined":5,"s:23:6:23:Infinity":13,"s:23:40:23:Infinity":14,"s:25:4:29:Infinity":15,"s:31:4:31:Infinity":16},"fnNames":{}}}
,"C:\\Users\\monokid7\\Documents\\projects\\systems\\kongamano\\app\\utils\\db.ts": {"path":"C:\\Users\\monokid7\\Documents\\projects\\systems\\kongamano\\app\\utils\\db.ts","statementMap":{"0":{"start":{"line":1,"column":16},"end":{"line":1,"column":null}},"1":{"start":{"line":2,"column":19},"end":{"line":2,"column":null}},"2":{"start":{"line":3,"column":19},"end":{"line":3,"column":null}},"3":{"start":{"line":6,"column":2},"end":{"line":19,"column":null}},"4":{"start":{"line":7,"column":4},"end":{"line":9,"column":null}},"5":{"start":{"line":8,"column":6},"end":{"line":8,"column":null}},"6":{"start":{"line":10,"column":20},"end":{"line":10,"column":null}},"7":{"start":{"line":11,"column":4},"end":{"line":16,"column":null}},"8":{"start":{"line":12,"column":17},"end":{"line":12,"column":null}},"9":{"start":{"line":13,"column":6},"end":{"line":15,"column":null}},"10":{"start":{"line":14,"column":8},"end":{"line":14,"column":null}},"11":{"start":{"line":17,"column":4},"end":{"line":17,"column":null}},"12":{"start":{"line":17,"column":30},"end":{"line":17,"column":null}},"13":{"start":{"line":18,"column":4},"end":{"line":18,"column":null}},"14":{"start":{"line":18,"column":28},"end":{"line":18,"column":null}},"15":{"start":{"line":22,"column":23},"end":{"line":70,"column":null}},"16":{"start":{"line":24,"column":4},"end":{"line":36,"column":null}},"17":{"start":{"line":25,"column":17},"end":{"line":25,"column":null}},"18":{"start":{"line":26,"column":6},"end":{"line":32,"column":null}},"19":{"start":{"line":27,"column":28},"end":{"line":27,"column":null}},"20":{"start":{"line":28,"column":22},"end":{"line":28,"column":null}},"21":{"start":{"line":29,"column":24},"end":{"line":29,"column":null}},"22":{"start":{"line":30,"column":8},"end":{"line":30,"column":null}},"23":{"start":{"line":30,"column":34},"end":{"line":30,"column":null}},"24":{"start":{"line":31,"column":8},"end":{"line":31,"column":null}},"25":{"start":{"line":31,"column":32},"end":{"line":31,"column":null}},"26":{"start":{"line":34,"column":6},"end":{"line":34,"column":null}},"27":{"start":{"line":35,"column":6},"end":{"line":35,"column":null}},"28":{"start":{"line":40,"column":4},"end":{"line":53,"column":null}},"29":{"start":{"line":41,"column":17},"end":{"line":41,"column":null}},"30":{"start":{"line":42,"column":6},"end":{"line":50,"column":null}},"31":{"start":{"line":43,"column":28},"end":{"line":43,"column":null}},"32":{"start":{"line":44,"column":22},"end":{"line":44,"column":null}},"33":{"start":{"line":46,"column":25},"end":{"line":46,"column":null}},"34":{"start":{"line":47,"column":24},"end":{"line":47,"column":null}},"35":{"start":{"line":48,"column":8},"end":{"line":48,"column":null}},"36":{"start":{"line":48,"column":34},"end":{"line":48,"column":null}},"37":{"start":{"line":49,"column":8},"end":{"line":49,"column":null}},"38":{"start":{"line":49,"column":32},"end":{"line":49,"column":null}},"39":{"start":{"line":52,"column":6},"end":{"line":52,"column":null}},"40":{"start":{"line":57,"column":4},"end":{"line":68,"column":null}},"41":{"start":{"line":58,"column":17},"end":{"line":58,"column":null}},"42":{"start":{"line":59,"column":6},"end":{"line":65,"column":null}},"43":{"start":{"line":60,"column":28},"end":{"line":60,"column":null}},"44":{"start":{"line":61,"column":22},"end":{"line":61,"column":null}},"45":{"start":{"line":62,"column":24},"end":{"line":62,"column":null}},"46":{"start":{"line":63,"column":8},"end":{"line":63,"column":null}},"47":{"start":{"line":63,"column":34},"end":{"line":63,"column":null}},"48":{"start":{"line":64,"column":8},"end":{"line":64,"column":null}},"49":{"start":{"line":64,"column":32},"end":{"line":64,"column":null}},"50":{"start":{"line":67,"column":6},"end":{"line":67,"column":null}}},"fnMap":{"0":{"name":"getDB","decl":{"start":{"line":5,"column":9},"end":{"line":5,"column":39}},"loc":{"start":{"line":5,"column":39},"end":{"line":20,"column":null}},"line":5},"1":{"name":"(anonymous_1)","decl":{"start":{"line":6,"column":13},"end":{"line":6,"column":22}},"loc":{"start":{"line":6,"column":42},"end":{"line":19,"column":3}},"line":6},"2":{"name":"(anonymous_2)","decl":{"start":{"line":11,"column":12},"end":{"line":11,"column":36}},"loc":{"start":{"line":11,"column":36},"end":{"line":16,"column":null}},"line":11},"3":{"name":"(anonymous_3)","decl":{"start":{"line":17,"column":12},"end":{"line":17,"column":30}},"loc":{"start":{"line":17,"column":30},"end":{"line":17,"column":null}},"line":17},"4":{"name":"(anonymous_4)","decl":{"start":{"line":18,"column":12},"end":{"line":18,"column":28}},"loc":{"start":{"line":18,"column":28},"end":{"line":18,"column":null}},"line":18},"5":{"name":"get","decl":{"start":{"line":23,"column":8},"end":{"line":23,"column":12}},"loc":{"start":{"line":23,"column":39},"end":{"line":37,"column":null}},"line":23},"6":{"name":"(anonymous_6)","decl":{"start":{"line":26,"column":17},"end":{"line":26,"column":26}},"loc":{"start":{"line":26,"column":46},"end":{"line":32,"column":7}},"line":26},"7":{"name":"(anonymous_7)","decl":{"start":{"line":30,"column":16},"end":{"line":30,"column":34}},"loc":{"start":{"line":30,"column":34},"end":{"line":30,"column":null}},"line":30},"8":{"name":"(anonymous_8)","decl":{"start":{"line":31,"column":16},"end":{"line":31,"column":32}},"loc":{"start":{"line":31,"column":32},"end":{"line":31,"column":null}},"line":31},"9":{"name":"set","decl":{"start":{"line":39,"column":8},"end":{"line":39,"column":12}},"loc":{"start":{"line":39,"column":50},"end":{"line":54,"column":null}},"line":39},"10":{"name":"(anonymous_10)","decl":{"start":{"line":42,"column":17},"end":{"line":42,"column":26}},"loc":{"start":{"line":42,"column":46},"end":{"line":50,"column":7}},"line":42},"11":{"name":"(anonymous_11)","decl":{"start":{"line":48,"column":16},"end":{"line":48,"column":34}},"loc":{"start":{"line":48,"column":34},"end":{"line":48,"column":null}},"line":48},"12":{"name":"(anonymous_12)","decl":{"start":{"line":49,"column":16},"end":{"line":49,"column":32}},"loc":{"start":{"line":49,"column":32},"end":{"line":49,"column":null}},"line":49},"13":{"name":"delete","decl":{"start":{"line":56,"column":8},"end":{"line":56,"column":15}},"loc":{"start":{"line":56,"column":43},"end":{"line":69,"column":null}},"line":56},"14":{"name":"(anonymous_14)","decl":{"start":{"line":59,"column":17},"end":{"line":59,"column":26}},"loc":{"start":{"line":59,"column":46},"end":{"line":65,"column":7}},"line":59},"15":{"name":"(anonymous_15)","decl":{"start":{"line":63,"column":16},"end":{"line":63,"column":34}},"loc":{"start":{"line":63,"column":34},"end":{"line":63,"column":null}},"line":63},"16":{"name":"(anonymous_16)","decl":{"start":{"line":64,"column":16},"end":{"line":64,"column":32}},"loc":{"start":{"line":64,"column":32},"end":{"line":64,"column":null}},"line":64}},"branchMap":{"0":{"loc":{"start":{"line":7,"column":4},"end":{"line":9,"column":null}},"type":"if","locations":[{"start":{"line":7,"column":4},"end":{"line":9,"column":null}},{"start":{},"end":{}}],"line":7},"1":{"loc":{"start":{"line":13,"column":6},"end":{"line":15,"column":null}},"type":"if","locations":[{"start":{"line":13,"column":6},"end":{"line":15,"column":null}},{"start":{},"end":{}}],"line":13}},"s":{"0":1,"1":1,"2":1,"3":6,"4":6,"5":6,"6":0,"7":0,"8":0,"9":0,"10":0,"11":0,"12":0,"13":0,"14":0,"15":1,"16":2,"17":2,"18":0,"19":0,"20":0,"21":0,"22":0,"23":0,"24":0,"25":0,"26":2,"27":2,"28":3,"29":3,"30":0,"31":0,"32":0,"33":0,"34":0,"35":0,"36":0,"37":0,"38":0,"39":3,"40":1,"41":1,"42":0,"43":0,"44":0,"45":0,"46":0,"47":0,"48":0,"49":0,"50":1},"f":{"0":6,"1":6,"2":0,"3":0,"4":0,"5":2,"6":0,"7":0,"8":0,"9":3,"10":0,"11":0,"12":0,"13":1,"14":0,"15":0,"16":0},"b":{"0":[6,0],"1":[0,0]},"meta":{"lastBranch":2,"lastFunction":17,"lastStatement":51,"seen":{"s:1:16:1:Infinity":0,"s:2:19:2:Infinity":1,"s:3:19:3:Infinity":2,"f:5:9:5:39":0,"s:6:2:19:Infinity":3,"f:6:13:6:22":1,"b:7:4:9:Infinity:undefined:undefined:undefined:undefined":0,"s:7:4:9:Infinity":4,"s:8:6:8:Infinity":5,"s:10:20:10:Infinity":6,"s:11:4:16:Infinity":7,"f:11:12:11:36":2,"s:12:17:12:Infinity":8,"b:13:6:15:Infinity:undefined:undefined:undefined:undefined":1,"s:13:6:15:Infinity":9,"s:14:8:14:Infinity":10,"s:17:4:17:Infinity":11,"f:17:12:17:30":3,"s:17:30:17:Infinity":12,"s:18:4:18:Infinity":13,"f:18:12:18:28":4,"s:18:28:18:Infinity":14,"s:22:23:70:Infinity":15,"f:23:8:23:12":5,"s:24:4:36:Infinity":16,"s:25:17:25:Infinity":17,"s:26:6:32:Infinity":18,"f:26:17:26:26":6,"s:27:28:27:Infinity":19,"s:28:22:28:Infinity":20,"s:29:24:29:Infinity":21,"s:30:8:30:Infinity":22,"f:30:16:30:34":7,"s:30:34:30:Infinity":23,"s:31:8:31:Infinity":24,"f:31:16:31:32":8,"s:31:32:31:Infinity":25,"s:34:6:34:Infinity":26,"s:35:6:35:Infinity":27,"f:39:8:39:12":9,"s:40:4:53:Infinity":28,"s:41:17:41:Infinity":29,"s:42:6:50:Infinity":30,"f:42:17:42:26":10,"s:43:28:43:Infinity":31,"s:44:22:44:Infinity":32,"s:46:25:46:Infinity":33,"s:47:24:47:Infinity":34,"s:48:8:48:Infinity":35,"f:48:16:48:34":11,"s:48:34:48:Infinity":36,"s:49:8:49:Infinity":37,"f:49:16:49:32":12,"s:49:32:49:Infinity":38,"s:52:6:52:Infinity":39,"f:56:8:56:15":13,"s:57:4:68:Infinity":40,"s:58:17:58:Infinity":41,"s:59:6:65:Infinity":42,"f:59:17:59:26":14,"s:60:28:60:Infinity":43,"s:61:22:61:Infinity":44,"s:62:24:62:Infinity":45,"s:63:8:63:Infinity":46,"f:63:16:63:34":15,"s:63:34:63:Infinity":47,"s:64:8:64:Infinity":48,"f:64:16:64:32":16,"s:64:32:64:Infinity":49,"s:67:6:67:Infinity":50},"fnNames":{}}}
}
